<?xml version="1.0" encoding="UTF-8"?>
<!-- Generated by org.testng.reporters.JUnitXMLReporter -->
<testsuite hostname="MSI" ignored="6" name="Test" tests="3" failures="0" timestamp="22 Sep 2022 13:26:10 GMT" time="156.592" errors="0">
  <testcase name="search2" time="6.617" classname="org.gumtree.Group1"/>
  <testcase name="search1" time="3.258" classname="org.gumtree.Group2"/>
  <testcase name="search2" time="5.446" classname="org.gumtree.Group2"/>
  <testcase name="search1" time="0.0" classname="org.gumtree.Group1">
    <ignored/>
  </testcase> <!-- search1 -->
  <testcase name="postCarAd" time="0.0" classname="org.gumtree.Group1">
    <ignored/>
  </testcase> <!-- postCarAd -->
  <testcase name="postCarAd2" time="0.0" classname="org.gumtree.Group2">
    <ignored/>
  </testcase> <!-- postCarAd2 -->
  <testcase name="postAd" time="0.0" classname="org.gumtree.Group1">
    <ignored/>
  </testcase> <!-- postAd -->
  <testcase name="postAd" time="0.0" classname="org.gumtree.Group1">
    <ignored/>
  </testcase> <!-- postAd -->
  <testcase name="postCarAd1" time="0.0" classname="org.gumtree.Group2">
    <ignored/>
  </testcase> <!-- postCarAd1 -->
</testsuite> <!-- Test -->
